Arguments: 
  C:\Program Files\nodejs\node.exe C:\Users\guobo\AppData\Roaming\npm\node_modules\yarn\bin\yarn.js add aos@next

PATH: 
  C:\Program Files\Git\mingw64\bin;C:\Program Files\Git\usr\bin;C:\Users\guobo\bin;C:\Python38\Scripts;C:\Python38;C:\Program Files (x86)\Common Files\Oracle\Java\javapath;C:\Program Files (x86)\Intel\Intel(R) Management Engine Components\iCLS;C:\Program Files\Intel\Intel(R) Management Engine Components\iCLS;C:\Windows\system32;C:\Windows;C:\Windows\System32\Wbem;C:\Windows\System32\WindowsPowerShell\v1.0;C:\Windows\System32\OpenSSH;C:\Program Files (x86)\Intel\Intel(R) Management Engine Components\DAL;C:\Program Files\Intel\Intel(R) Management Engine Components\DAL;C:\Program Files (x86)\NVIDIA Corporation\PhysX\Common;C:\Program Files (x86)\PharosSystems\Core;C:\WINDOWS\system32;C:\WINDOWS;C:\WINDOWS\System32\Wbem;C:\WINDOWS\System32\WindowsPowerShell\v1.0;C:\WINDOWS\System32\OpenSSH;C:\Program Files\Git\cmd;C:\Program Files\dotnet;C:\Program Files\nodejs;C:\ProgramData\chocolatey\bin;C:\Users\guobo\AppData\Local\Programs\Python\Python38-32\Scripts;C:\Users\guobo\AppData\Local\Programs\Python\Python38-32;C:\Users\guobo\AppData\Local\Microsoft\WindowsApps;C:\Users\guobo\AppData\Local\Programs\Microsoft VS Code\bin;C:\Users\guobo\AppData\Local\atom\bin;C:\Users\guobo\.dotnet\tools;C:\Users\guobo\AppData\Roaming\npm;C:\Users\guobo\AppData\Local\GitHubDesktop\bin;C:\Users\guobo\AppData\Local\Box\Box Edit

Yarn version: 
  1.22.10

Node version: 
  12.18.4

Platform: 
  win32 x64

Trace: 
  Error: EPERM: operation not permitted, unlink 'C:\Users\guobo\Box\05-430\Assignment\A_8\boyuang.pui.github.io\homework_8\node_modules\deasync\bin\win32-x64-node-12\deasync.node'

npm manifest: 
  {
    "name": "A_8",
    "version": "1.0.0",
    "description": "",
    "main": "index.js",
    "dependencies": {
      "@googlemaps/js-api-loader": "^1.11.1",
      "aos": "^2.3.4",
      "locomotive-scroll": "^4.0.4",
      "parcel-bundler": "^1.12.4",
      "sass": "^1.29.0"
    },
    "devDependencies": {},
    "scripts": {
      "cleanup": "rm -rf .cache dist",
      "dev": "parcel src/index.html"
    },
    "keywords": [],
    "author": "",
    "license": "ISC"
  }

yarn manifest: 
  No manifest

Lockfile: 
  No lockfile
